Determining if the pthread_create exist failed with the following output:
Change Dir: /home/holy_cow/catkin_ws/src/velodyne/velodyne_plugin/build/CMakeFiles/CMakeTmp

Run Build Command:"/usr/bin/make" "cmTC_eac8d/fast"
/usr/bin/make -f CMakeFiles/cmTC_eac8d.dir/build.make CMakeFiles/cmTC_eac8d.dir/build
make[1]: Entering directory '/home/holy_cow/catkin_ws/src/velodyne/velodyne_plugin/build/CMakeFiles/CMakeTmp'
Building C object CMakeFiles/cmTC_eac8d.dir/CheckSymbolExists.c.o
/usr/bin/cc     -o CMakeFiles/cmTC_eac8d.dir/CheckSymbolExists.c.o   -c /home/holy_cow/catkin_ws/src/velodyne/velodyne_plugin/build/CMakeFiles/CMakeTmp/CheckSymbolExists.c
Linking C executable cmTC_eac8d
/usr/bin/cmake -E cmake_link_script CMakeFiles/cmTC_eac8d.dir/link.txt --verbose=1
/usr/bin/cc       CMakeFiles/cmTC_eac8d.dir/CheckSymbolExists.c.o  -o cmTC_eac8d -rdynamic 
CMakeFiles/cmTC_eac8d.dir/CheckSymbolExists.c.o: In function `main':
CheckSymbolExists.c:(.text+0x16): undefined reference to `pthread_create'
collect2: error: ld returned 1 exit status
CMakeFiles/cmTC_eac8d.dir/build.make:97: recipe for target 'cmTC_eac8d' failed
make[1]: *** [cmTC_eac8d] Error 1
make[1]: Leaving directory '/home/holy_cow/catkin_ws/src/velodyne/velodyne_plugin/build/CMakeFiles/CMakeTmp'
Makefile:126: recipe for target 'cmTC_eac8d/fast' failed
make: *** [cmTC_eac8d/fast] Error 2

File /home/holy_cow/catkin_ws/src/velodyne/velodyne_plugin/build/CMakeFiles/CMakeTmp/CheckSymbolExists.c:
/* */
#include <pthread.h>

int main(int argc, char** argv)
{
  (void)argv;
#ifndef pthread_create
  return ((int*)(&pthread_create))[argc];
#else
  (void)argc;
  return 0;
#endif
}

Determining if the function pthread_create exists in the pthreads failed with the following output:
Change Dir: /home/holy_cow/catkin_ws/src/velodyne/velodyne_plugin/build/CMakeFiles/CMakeTmp

Run Build Command:"/usr/bin/make" "cmTC_7de0c/fast"
/usr/bin/make -f CMakeFiles/cmTC_7de0c.dir/build.make CMakeFiles/cmTC_7de0c.dir/build
make[1]: Entering directory '/home/holy_cow/catkin_ws/src/velodyne/velodyne_plugin/build/CMakeFiles/CMakeTmp'
Building C object CMakeFiles/cmTC_7de0c.dir/CheckFunctionExists.c.o
/usr/bin/cc    -DCHECK_FUNCTION_EXISTS=pthread_create   -o CMakeFiles/cmTC_7de0c.dir/CheckFunctionExists.c.o   -c /usr/share/cmake-3.5/Modules/CheckFunctionExists.c
Linking C executable cmTC_7de0c
/usr/bin/cmake -E cmake_link_script CMakeFiles/cmTC_7de0c.dir/link.txt --verbose=1
/usr/bin/cc   -DCHECK_FUNCTION_EXISTS=pthread_create    CMakeFiles/cmTC_7de0c.dir/CheckFunctionExists.c.o  -o cmTC_7de0c -rdynamic -lpthreads 
/usr/bin/ld: cannot find -lpthreads
collect2: error: ld returned 1 exit status
CMakeFiles/cmTC_7de0c.dir/build.make:97: recipe for target 'cmTC_7de0c' failed
make[1]: *** [cmTC_7de0c] Error 1
make[1]: Leaving directory '/home/holy_cow/catkin_ws/src/velodyne/velodyne_plugin/build/CMakeFiles/CMakeTmp'
Makefile:126: recipe for target 'cmTC_7de0c/fast' failed
make: *** [cmTC_7de0c/fast] Error 2


